\BOOKMARK [0][-]{chapter.1}{\376\377\0000\000-\0001\000\040\000K\000n\000a\000p\000s\000a\000c\000k}{}% 1
\BOOKMARK [1][-]{section.1.1}{\376\377\000G\000i\036\333\000i\000\040\000t\000h\000i\036\307\000u\000\040\000b\000\340\000i\000\040\000t\000o\000\341\000n}{chapter.1}% 2
\BOOKMARK [1][-]{section.1.2}{\376\377\000L\000i\000\352\000n\000\040\000h\036\307\000\040\000t\000h\036\361\000c\000\040\000t\036\277}{chapter.1}% 3
\BOOKMARK [1][-]{section.1.3}{\376\377\000P\000h\000\341\000t\000\040\000b\000i\036\303\000u\000\040\000b\000\340\000i\000\040\000t\000o\000\341\000n}{chapter.1}% 4
\BOOKMARK [1][-]{section.1.4}{\376\377\001\020\036\331\000\040\000p\000h\036\351\000c\000\040\000t\036\241\000p\000\040\000P\000s\000e\000u\000d\000o\000\040\000P\000o\000l\000y\000n\000o\000m\000i\000a\000l}{chapter.1}% 5
\BOOKMARK [0][-]{chapter.2}{\376\377\000P\000h\001\260\001\241\000n\000g\000\040\000p\000h\000\341\000p\000\040\000t\000h\000i\036\277\000t\000\040\000k\036\277\000\040\000b\000\340\000i\000\040\000t\000o\000\341\000n}{}% 6
\BOOKMARK [1][-]{section.2.1}{\376\377\001\020\036\307\000\040\000q\000u\000y}{chapter.2}% 7
\BOOKMARK [2][-]{subsection.2.1.1}{\376\377\000G\000i\036\333\000i\000\040\000t\000h\000i\036\307\000u\000\040\000p\000h\001\260\001\241\000n\000g\000\040\000p\000h\000\341\000p}{section.2.1}% 8
\BOOKMARK [2][-]{subsection.2.1.2}{\376\377\000M\000\343\000\040\000g\000i\036\243}{section.2.1}% 9
\BOOKMARK [2][-]{subsection.2.1.3}{\376\377\000P\000h\000\342\000n\000\040\000t\000\355\000c\000h\000\040\001\021\036\331\000\040\000p\000h\036\351\000c\000\040\000t\036\241\000p\000\040\000b\036\261\000n\000g\000\040\000c\000\341\000c\000\040\000p\000h\001\260\001\241\000n\000g\000\040\000p\000h\000\341\000p\000\040\000t\000o\000\341\000n\000\040\000h\036\315\000c}{section.2.1}% 10
\BOOKMARK [2][-]{subsection.2.1.4}{\376\377\000M\000\343\000\040\000n\000g\000u\036\323\000n}{section.2.1}% 11
\BOOKMARK [2][-]{subsection.2.1.5}{\376\377\000P\000h\000\341\000t\000\040\000s\000i\000n\000h\000\040\000i\000n\000t\000p\000u\000t\000/\000o\000u\000t\000p\000u\000t\000\040\001\021\036\303\000\040\000k\000i\036\303\000m\000\040\000t\000r\000a\000\040\000t\000\355\000n\000h\000\040\001\021\000\372\000n\000g\000\040\001\021\036\257\000n}{section.2.1}% 12
\BOOKMARK [2][-]{subsection.2.1.6}{\376\377\000P\000h\000\342\000n\000\040\000t\000\355\000c\000h\000\040\001\021\036\331\000\040\000p\000h\036\351\000c\000\040\000t\036\241\000p\000\040\000b\036\261\000n\000g\000\040\000t\000h\036\361\000c\000\040\000n\000g\000h\000i\036\307\000m}{section.2.1}% 13
\BOOKMARK [1][-]{section.2.2}{\376\377\000Q\000u\000y\000\040\000h\000o\036\241\000c\000h\000\040\001\021\036\331\000n\000g}{chapter.2}% 14
\BOOKMARK [2][-]{subsection.2.2.1}{\376\377\000G\000i\036\333\000i\000\040\000t\000h\000i\036\307\000u\000\040\000p\000h\001\260\001\241\000n\000g\000\040\000p\000h\000\341\000p}{section.2.2}% 15
\BOOKMARK [2][-]{subsection.2.2.2}{\376\377\000M\000\343\000\040\000g\000i\036\243}{section.2.2}% 16
\BOOKMARK [2][-]{subsection.2.2.3}{\376\377\000P\000h\000\342\000n\000\040\000t\000\355\000c\000h\000\040\001\021\036\331\000\040\000p\000h\036\351\000c\000\040\000t\036\241\000p\000\040\000b\036\261\000n\000g\000\040\000c\000\341\000c\000\040\000p\000h\001\260\001\241\000n\000g\000\040\000p\000h\000\341\000p\000\040\000t\000o\000\341\000n\000\040\000h\036\315\000c}{section.2.2}% 17
\BOOKMARK [2][-]{subsection.2.2.4}{\376\377\000M\000\343\000\040\000n\000g\000u\036\323\000n}{section.2.2}% 18
\BOOKMARK [2][-]{subsection.2.2.5}{\376\377\000P\000h\000\341\000t\000\040\000s\000i\000n\000h\000\040\000i\000n\000t\000p\000u\000t\000/\000o\000u\000t\000p\000u\000t\000\040\001\021\036\303\000\040\000k\000i\036\303\000m\000\040\000t\000r\000a\000\040\000t\000\355\000n\000h\000\040\001\021\000\372\000n\000g\000\040\001\021\036\257\000n}{section.2.2}% 19
\BOOKMARK [2][-]{subsection.2.2.6}{\376\377\000P\000h\000\342\000n\000\040\000t\000\355\000c\000h\000\040\001\021\036\331\000\040\000p\000h\036\351\000c\000\040\000t\036\241\000p\000\040\000b\036\261\000n\000g\000\040\000t\000h\036\361\000c\000\040\000n\000g\000h\000i\036\307\000m}{section.2.2}% 20
